<?xml version="1.0" encoding="UTF-8"?>
<testng-results skipped="0" failed="0" ignored="0" total="1" passed="1">
  <reporter-output>
  </reporter-output>
  <suite name="Default suite" duration-ms="66750" started-at="2022-06-30T07:39:56Z" finished-at="2022-06-30T07:41:03Z">
    <groups>
    </groups>
    <test name="Default test" duration-ms="66750" started-at="2022-06-30T07:39:56Z" finished-at="2022-06-30T07:41:03Z">
      <class name="com.inetBanking.testCases.TC_LoginTest_001">
        <test-method status="PASS" signature="setup()[pri:0, instance:com.inetBanking.testCases.TC_LoginTest_001@5649fd9b]" name="setup" is-config="true" duration-ms="7945" started-at="2022-06-30T07:39:56Z" finished-at="2022-06-30T07:40:04Z">
          <reporter-output>
          </reporter-output>
        </test-method> <!-- setup -->
        <test-method status="PASS" signature="LoginTest()[pri:0, instance:com.inetBanking.testCases.TC_LoginTest_001@5649fd9b]" name="LoginTest" duration-ms="57780" started-at="2022-06-30T07:40:04Z" finished-at="2022-06-30T07:41:02Z">
          <reporter-output>
          </reporter-output>
        </test-method> <!-- LoginTest -->
        <test-method status="PASS" signature="tearDown()[pri:0, instance:com.inetBanking.testCases.TC_LoginTest_001@5649fd9b]" name="tearDown" is-config="true" duration-ms="979" started-at="2022-06-30T07:41:02Z" finished-at="2022-06-30T07:41:03Z">
          <reporter-output>
          </reporter-output>
        </test-method> <!-- tearDown -->
      </class> <!-- com.inetBanking.testCases.TC_LoginTest_001 -->
    </test> <!-- Default test -->
  </suite> <!-- Default suite -->
</testng-results>
